<?xml version="1.0" encoding="UTF-8"?>
<testsuite xmlns:xsi="http://www.w3.org/2001/XMLSchema-instance" xsi:noNamespaceSchemaLocation="https://maven.apache.org/surefire/maven-surefire-plugin/xsd/surefire-test-report-3.0.xsd" version="3.0" name="hello.HelloWorldConfigurationTests" time="6.565" tests="1" errors="0" skipped="0" failures="0">
  <properties>
[...]
</properties>
  <testcase name="testGreeting" classname="hello.HelloWorldConfigurationTests" time="1.794">
    <system-out><![CDATA[18:37:14.783 [main] INFO org.springframework.test.context.support.AnnotationConfigContextLoaderUtils -- Could not detect default configuration classes for test class [hello.HelloWorldConfigurationTests]: HelloWorldConfigurationTests does not declare any static, non-private, non-final, nested classes annotated with @Configuration.
18:37:14.989 [main] INFO org.springframework.boot.test.context.SpringBootTestContextBootstrapper -- Found @SpringBootConfiguration hello.Application for test class hello.HelloWorldConfigurationTests

  .   ____          _            __ _ _
 /\\ / ___'_ __ _ _(_)_ __  __ _ \ \ \ \
( ( )\___ | '_ | '_| | '_ \/ _` | \ \ \ \
 \\/  ___)| |_)| | | | | || (_| |  ) ) ) )
  '  |____| .__|_| |_|_| |_\__, | / / / /
 =========|_|==============|___/=/_/_/_/
 :: Spring Boot ::                (v3.2.0)

2024-02-11T18:37:15.744-06:00  INFO 18112 --- [testLatticeApp] [           main] hello.HelloWorldConfigurationTests       : Starting HelloWorldConfigurationTests using Java 17.0.10 with PID 18112 (started by ragangul in C:\samples\aksEHSpringSample\gs-spring-boot-docker\complete)
2024-02-11T18:37:15.755-06:00  INFO 18112 --- [testLatticeApp] [           main] hello.HelloWorldConfigurationTests       : No active profile set, falling back to 1 default profile: "default"
2024-02-11T18:37:16.834-06:00  INFO 18112 --- [testLatticeApp] [           main] faultConfiguringBeanFactoryPostProcessor : No bean named 'errorChannel' has been explicitly defined. Therefore, a default PublishSubscribeChannel will be created.
2024-02-11T18:37:16.866-06:00  INFO 18112 --- [testLatticeApp] [           main] faultConfiguringBeanFactoryPostProcessor : No bean named 'integrationHeaderChannelRegistry' has been explicitly defined. Therefore, a default DefaultHeaderChannelRegistry will be created.
2024-02-11T18:37:17.796-06:00  INFO 18112 --- [testLatticeApp] [           main] o.s.b.w.embedded.tomcat.TomcatWebServer  : Tomcat initialized with port 0 (http)
2024-02-11T18:37:17.826-06:00  INFO 18112 --- [testLatticeApp] [           main] o.apache.catalina.core.StandardService   : Starting service [Tomcat]
2024-02-11T18:37:17.829-06:00  INFO 18112 --- [testLatticeApp] [           main] o.apache.catalina.core.StandardEngine    : Starting Servlet engine: [Apache Tomcat/10.1.16]
2024-02-11T18:37:18.063-06:00  INFO 18112 --- [testLatticeApp] [           main] o.a.c.c.C.[Tomcat].[localhost].[/]       : Initializing Spring embedded WebApplicationContext
2024-02-11T18:37:18.063-06:00  INFO 18112 --- [testLatticeApp] [           main] w.s.c.ServletWebServerApplicationContext : Root WebApplicationContext: initialization completed in 2273 ms
2024-02-11T18:37:19.063-06:00  INFO 18112 --- [testLatticeApp] [           main] o.s.i.endpoint.EventDrivenConsumer       : Adding {logging-channel-adapter:_org.springframework.integration.errorLogger} as a subscriber to the 'errorChannel' channel
2024-02-11T18:37:19.067-06:00  INFO 18112 --- [testLatticeApp] [           main] o.s.i.channel.PublishSubscribeChannel    : Channel 'testLatticeApp.errorChannel' has 1 subscriber(s).
2024-02-11T18:37:19.068-06:00  INFO 18112 --- [testLatticeApp] [           main] o.s.i.endpoint.EventDrivenConsumer       : started bean '_org.springframework.integration.errorLogger'
2024-02-11T18:37:19.119-06:00  INFO 18112 --- [testLatticeApp] [           main] o.s.b.w.embedded.tomcat.TomcatWebServer  : Tomcat started on port 61777 (http) with context path ''
2024-02-11T18:37:19.127-06:00  INFO 18112 --- [testLatticeApp] [           main] hello.HelloWorldConfigurationTests       : Started HelloWorldConfigurationTests in 3.9 seconds (process running for 6.005)
2024-02-11T18:37:20.835-06:00  INFO 18112 --- [testLatticeApp] [o-auto-1-exec-2] o.a.c.c.C.[Tomcat].[localhost].[/]       : Initializing Spring DispatcherServlet 'dispatcherServlet'
2024-02-11T18:37:20.835-06:00  INFO 18112 --- [testLatticeApp] [o-auto-1-exec-2] o.s.web.servlet.DispatcherServlet        : Initializing Servlet 'dispatcherServlet'
2024-02-11T18:37:20.835-06:00  INFO 18112 --- [testLatticeApp] [o-auto-1-exec-2] o.s.web.servlet.DispatcherServlet        : Completed initialization in 0 ms
]]></system-out>
  </testcase>
</testsuite>